                                 Started job on |	Oct 23 20:09:12
                             Started mapping on |	Oct 23 20:09:14
                                    Finished on |	Oct 23 20:10:43
       Mapping speed, Million of reads per hour |	0.40

                          Number of input reads |	10000
                      Average input read length |	202
                                    UNIQUE READS:
                   Uniquely mapped reads number |	301
                        Uniquely mapped reads % |	3.01%
                          Average mapped length |	192.40
                       Number of splices: Total |	117
            Number of splices: Annotated (sjdb) |	82
                       Number of splices: GT/AG |	107
                       Number of splices: GC/AG |	0
                       Number of splices: AT/AC |	0
               Number of splices: Non-canonical |	10
                      Mismatch rate per base, % |	1.99%
                         Deletion rate per base |	0.05%
                        Deletion average length |	2.21
                        Insertion rate per base |	0.07%
                       Insertion average length |	2.00
                             MULTI-MAPPING READS:
        Number of reads mapped to multiple loci |	50
             % of reads mapped to multiple loci |	0.50%
        Number of reads mapped to too many loci |	3
             % of reads mapped to too many loci |	0.03%
                                  UNMAPPED READS:
       % of reads unmapped: too many mismatches |	0.00%
                 % of reads unmapped: too short |	96.31%
                     % of reads unmapped: other |	0.15%
                                  CHIMERIC READS:
                       Number of chimeric reads |	0
                            % of chimeric reads |	0.00%
